<?xml version="1.0" encoding="UTF-8"?>
<testng-results skipped="0" failed="0" total="1" passed="1">
  <reporter-output>
  </reporter-output>
  <suite name="Default suite" duration-ms="13039" started-at="2017-12-06T10:14:32Z" finished-at="2017-12-06T10:14:45Z">
    <groups>
    </groups>
    <test name="Default test" duration-ms="13039" started-at="2017-12-06T10:14:32Z" finished-at="2017-12-06T10:14:45Z">
      <class name="com.checktoolsqa.testcases.RandomTest">
        <test-method status="PASS" signature="f()[pri:0, instance:com.checktoolsqa.testcases.RandomTest@59ec2012]" name="f" duration-ms="13026" started-at="2017-12-06T15:44:32Z" finished-at="2017-12-06T15:44:45Z">
          <reporter-output>
          </reporter-output>
        </test-method> <!-- f -->
      </class> <!-- com.checktoolsqa.testcases.RandomTest -->
    </test> <!-- Default test -->
  </suite> <!-- Default suite -->
</testng-results>
